[1123/185448.281:INFO:CONSOLE(1)] "Uncaught ReferenceError: start is not defined", source: file:///C:/Program%20Files/Google/Chrome/Application/119.0.6045.160/ (1)
[1123/185448.281:INFO:CONSOLE(2)] "Uncaught ReferenceError: onHasParentDirectory is not defined", source: file:///C:/Program%20Files/Google/Chrome/Application/119.0.6045.160/ (2)
[1123/185448.281:INFO:CONSOLE(3)] "Uncaught ReferenceError: addRow is not defined", source: file:///C:/Program%20Files/Google/Chrome/Application/119.0.6045.160/ (3)
[1123/185448.281:INFO:CONSOLE(4)] "Uncaught ReferenceError: addRow is not defined", source: file:///C:/Program%20Files/Google/Chrome/Application/119.0.6045.160/ (4)
[1123/185448.282:INFO:CONSOLE(5)] "Uncaught ReferenceError: addRow is not defined", source: file:///C:/Program%20Files/Google/Chrome/Application/119.0.6045.160/ (5)
[1123/185448.282:INFO:CONSOLE(6)] "Uncaught ReferenceError: addRow is not defined", source: file:///C:/Program%20Files/Google/Chrome/Application/119.0.6045.160/ (6)
[1123/185448.282:INFO:CONSOLE(7)] "Uncaught ReferenceError: addRow is not defined", source: file:///C:/Program%20Files/Google/Chrome/Application/119.0.6045.160/ (7)
[1123/185448.282:INFO:CONSOLE(8)] "Uncaught ReferenceError: addRow is not defined", source: file:///C:/Program%20Files/Google/Chrome/Application/119.0.6045.160/ (8)
[1123/185448.282:INFO:CONSOLE(9)] "Uncaught ReferenceError: addRow is not defined", source: file:///C:/Program%20Files/Google/Chrome/Application/119.0.6045.160/ (9)
[1123/185448.282:INFO:CONSOLE(10)] "Uncaught ReferenceError: addRow is not defined", source: file:///C:/Program%20Files/Google/Chrome/Application/119.0.6045.160/ (10)
[1123/185448.282:INFO:CONSOLE(11)] "Uncaught ReferenceError: addRow is not defined", source: file:///C:/Program%20Files/Google/Chrome/Application/119.0.6045.160/ (11)
[1123/185448.282:INFO:CONSOLE(12)] "Uncaught ReferenceError: addRow is not defined", source: file:///C:/Program%20Files/Google/Chrome/Application/119.0.6045.160/ (12)
[1123/185448.282:INFO:CONSOLE(13)] "Uncaught ReferenceError: addRow is not defined", source: file:///C:/Program%20Files/Google/Chrome/Application/119.0.6045.160/ (13)
[1123/185448.282:INFO:CONSOLE(14)] "Uncaught ReferenceError: addRow is not defined", source: file:///C:/Program%20Files/Google/Chrome/Application/119.0.6045.160/ (14)
[1123/185448.282:INFO:CONSOLE(15)] "Uncaught ReferenceError: addRow is not defined", source: file:///C:/Program%20Files/Google/Chrome/Application/119.0.6045.160/ (15)
[1123/185448.282:INFO:CONSOLE(16)] "Uncaught ReferenceError: addRow is not defined", source: file:///C:/Program%20Files/Google/Chrome/Application/119.0.6045.160/ (16)
[1123/185448.282:INFO:CONSOLE(17)] "Uncaught ReferenceError: addRow is not defined", source: file:///C:/Program%20Files/Google/Chrome/Application/119.0.6045.160/ (17)
[1123/185448.282:INFO:CONSOLE(18)] "Uncaught ReferenceError: addRow is not defined", source: file:///C:/Program%20Files/Google/Chrome/Application/119.0.6045.160/ (18)
[1123/185448.282:INFO:CONSOLE(19)] "Uncaught ReferenceError: addRow is not defined", source: file:///C:/Program%20Files/Google/Chrome/Application/119.0.6045.160/ (19)
[1123/185448.282:INFO:CONSOLE(20)] "Uncaught ReferenceError: addRow is not defined", source: file:///C:/Program%20Files/Google/Chrome/Application/119.0.6045.160/ (20)
[1123/185448.282:INFO:CONSOLE(21)] "Uncaught ReferenceError: addRow is not defined", source: file:///C:/Program%20Files/Google/Chrome/Application/119.0.6045.160/ (21)
[1123/185448.282:INFO:CONSOLE(22)] "Uncaught ReferenceError: addRow is not defined", source: file:///C:/Program%20Files/Google/Chrome/Application/119.0.6045.160/ (22)
[1123/185448.282:INFO:CONSOLE(23)] "Uncaught ReferenceError: addRow is not defined", source: file:///C:/Program%20Files/Google/Chrome/Application/119.0.6045.160/ (23)
[1123/185448.282:INFO:CONSOLE(24)] "Uncaught ReferenceError: addRow is not defined", source: file:///C:/Program%20Files/Google/Chrome/Application/119.0.6045.160/ (24)
[1123/185448.282:INFO:CONSOLE(25)] "Uncaught ReferenceError: addRow is not defined", source: file:///C:/Program%20Files/Google/Chrome/Application/119.0.6045.160/ (25)
[1123/185448.282:INFO:CONSOLE(26)] "Uncaught ReferenceError: addRow is not defined", source: file:///C:/Program%20Files/Google/Chrome/Application/119.0.6045.160/ (26)
[1123/185448.282:INFO:CONSOLE(27)] "Uncaught ReferenceError: addRow is not defined", source: file:///C:/Program%20Files/Google/Chrome/Application/119.0.6045.160/ (27)
[1123/185448.282:INFO:CONSOLE(28)] "Uncaught ReferenceError: addRow is not defined", source: file:///C:/Program%20Files/Google/Chrome/Application/119.0.6045.160/ (28)
[1123/185448.282:INFO:CONSOLE(29)] "Uncaught ReferenceError: addRow is not defined", source: file:///C:/Program%20Files/Google/Chrome/Application/119.0.6045.160/ (29)
[1123/185448.282:INFO:CONSOLE(30)] "Uncaught ReferenceError: addRow is not defined", source: file:///C:/Program%20Files/Google/Chrome/Application/119.0.6045.160/ (30)
[1123/185448.282:INFO:CONSOLE(31)] "Uncaught ReferenceError: addRow is not defined", source: file:///C:/Program%20Files/Google/Chrome/Application/119.0.6045.160/ (31)
[1123/185448.282:INFO:CONSOLE(32)] "Uncaught ReferenceError: addRow is not defined", source: file:///C:/Program%20Files/Google/Chrome/Application/119.0.6045.160/ (32)
[1123/185448.282:INFO:CONSOLE(33)] "Uncaught ReferenceError: addRow is not defined", source: file:///C:/Program%20Files/Google/Chrome/Application/119.0.6045.160/ (33)
[1123/185448.282:INFO:CONSOLE(34)] "Uncaught ReferenceError: addRow is not defined", source: file:///C:/Program%20Files/Google/Chrome/Application/119.0.6045.160/ (34)
[1123/185448.282:INFO:CONSOLE(35)] "Uncaught ReferenceError: addRow is not defined", source: file:///C:/Program%20Files/Google/Chrome/Application/119.0.6045.160/ (35)
[1123/185448.283:INFO:CONSOLE(36)] "Uncaught ReferenceError: addRow is not defined", source: file:///C:/Program%20Files/Google/Chrome/Application/119.0.6045.160/ (36)
[1123/185451.310:INFO:CONSOLE(1)] "Store Object 'Perfil' was not found", source: C:\Users\bruno\Desktop\chatbot\Chatbot_v1\node_modules\@wppconnect-team\wppconnect\dist\lib\wapi\wapi.js (1)
[1123/185451.312:INFO:CONSOLE(0)] "[object PromiseRejectionEvent]", source:  (0)
[1123/185451.312:INFO:CONSOLE(1)] "Uncaught (in promise) TypeError: Cannot read properties of null (reading '__esModule')", source: C:\Users\bruno\Desktop\chatbot\Chatbot_v1\node_modules\@wppconnect-team\wppconnect\dist\lib\wapi\wapi.js (1)
[1124/011903.844:WARNING:dns_config_service_win.cc(583)] Failed to read DnsConfig.
[1124/160932.685:WARNING:dns_config_service_win.cc(583)] Failed to read DnsConfig.
